#0 building with "desktop-linux" instance using docker driver

#1 [internal] load build definition from Dockerfile
#1 transferring dockerfile: 2.21kB done
#1 DONE 0.0s

#2 [internal] load metadata for docker.io/jenkins/jenkins:2.555.1-jdk21
#2 ...

#3 [auth] jenkins/jenkins:pull token for registry-1.docker.io
#3 DONE 0.0s

#2 [internal] load metadata for docker.io/jenkins/jenkins:2.555.1-jdk21
#2 DONE 2.9s

#4 [internal] load .dockerignore
#4 transferring context: 2B done
#4 DONE 0.0s

#5 [1/3] FROM docker.io/jenkins/jenkins:2.555.1-jdk21@sha256:7004d07dbcdc5439fdad8853acdb029c5e3ab7a3d8190184fbf89bec66786c02
#5 resolve docker.io/jenkins/jenkins:2.555.1-jdk21@sha256:7004d07dbcdc5439fdad8853acdb029c5e3ab7a3d8190184fbf89bec66786c02 0.0s done
#5 DONE 0.0s

#6 [2/3] RUN apt-get update && apt-get install -y lsb-release ca-certificates curl vim wget gnupg git awscli jq &&     wget -O- https://apt.releases.hashicorp.com/gpg |     gpg --dearmor |     tee /usr/share/keyrings/hashicorp-archive-keyring.gpg > /dev/null &&     echo "deb [arch=$(dpkg --print-architecture) signed-by=/usr/share/keyrings/hashicorp-archive-keyring.gpg] https://apt.releases.hashicorp.com $(grep -oP '(?<=UBUNTU_CODENAME=).*' /etc/os-release || lsb_release -cs) main" | tee /etc/apt/sources.list.d/hashicorp.list &&     curl -sSL https://ngrok-agent.s3.amazonaws.com/ngrok.asc         | tee /etc/apt/trusted.gpg.d/ngrok.asc >/dev/null         && echo "deb https://ngrok-agent.s3.amazonaws.com bookworm main"         | tee /etc/apt/sources.list.d/ngrok.list &&     apt-get update && apt-get install -y ngrok &&     install -m 0755 -d /etc/apt/keyrings &&     curl -fsSL https://download.docker.com/linux/debian/gpg -o /etc/apt/keyrings/docker.asc &&     chmod a+r /etc/apt/keyrings/docker.asc &&     echo "deb [arch=$(dpkg --print-architecture) signed-by=/etc/apt/keyrings/docker.asc]     https://download.docker.com/linux/debian $(. /etc/os-release && echo "$VERSION_CODENAME") stable"     | tee /etc/apt/sources.list.d/docker.list > /dev/null &&     apt-get update && apt-get install -y terraform docker-ce-cli &&     apt-get clean && rm -rf /var/lib/apt/lists/*
#6 CACHED

#7 [3/3] RUN jenkins-plugin-cli --plugins "blueocean docker-workflow json-path-api"
#7 CACHED

#8 exporting to image
#8 exporting layers done
#8 exporting manifest sha256:1f9454b13161f20369a8b8fc623e057c9b769c025df273ec268b93c7cb59e92c done
#8 exporting config sha256:c9b14139fea78617e5130eecdd2ecf92cd5a5fbe33325db707a6712dbfa9d65d done
#8 exporting attestation manifest sha256:d4f89b9d1e026d059814c0f05de111e5e6787c607cbb74fa3239b74f802e48fc done
#8 exporting manifest list sha256:c992994b884e5f81599753e40babf01781ba2acd9af8719de076f6534baba288 done
#8 naming to docker.io/library/image-bash-2026:latest done
#8 unpacking to docker.io/library/image-bash-2026:latest done
#8 DONE 0.0s

Image created successfully

WARNING: This output is designed for human readability. For machine-readable output, please use --format.
IMAGE                    ID             DISK USAGE   CONTENT SIZE   EXTRA
image-bash-2026:latest   c992994b884e       1.83GB          547MB        
